2025-02-14 23:20:59,358 - INFO - PyTorch version 2.5.1 available.
2025-02-14 23:20:59,751 - INFO - Use pytorch device_name: cuda
2025-02-14 23:20:59,752 - INFO - Load pretrained SentenceTransformer: ../m3e-base
2025-02-14 23:21:00,742 - INFO - ====================Now in Classify====================
2025-02-14 23:21:01,866 - INFO - {
    "chosen_toolkit_name": "scale"
}
2025-02-14 23:21:01,866 - INFO - ====================Now in Rewrite====================
2025-02-14 23:21:04,188 - INFO - [
    "用于评估肺源性心脏病患者平均动脉压的量表",
    "心力衰竭患者平均动脉压评估量表",
    "评估慢性阻塞性肺病患者平均动脉压的量表"
]
2025-02-14 23:21:04,192 - INFO - ====================Now in Retrieve====================
2025-02-14 23:21:06,012 - INFO - Retrieve cost time: 1.8192663192749023
2025-02-14 23:21:06,012 - INFO - [15, 24, 35, 31, 40, 42, 14, 37, 43, 5, 3, 8, 10, 11, 27, 26, 17, 4, 18, 33, 41, 7, 2, 16, 23, 29, 44, 21, 6, 36, 20, 39, 38, 28, 12, 30, 32, 22, 1, 9, 34, 13, 25, 19]
2025-02-14 23:21:06,012 - INFO - [38, 22, 10, 17, 9, 28, 21, 11, 39, 12, 13, 34, 41, 6, 0, 23, 16, 18, 43, 30, 27, 37, 24, 1, 42, 15, 14, 33, 25, 35, 3, 36, 19, 40, 2, 29, 7, 32, 31, 4, 20, 5, 8, 26]
2025-02-14 23:21:06,012 - INFO - ====================Now in Dispatch====================
2025-02-14 23:21:06,015 - INFO - Mean Arterial Pressure (MAP)
2025-02-14 23:21:06,016 - INFO - CKD-EPI Equations for Glomerular Filtration Rate (GFR)
2025-02-14 23:21:06,016 - INFO - HEART Score for Major Cardiac Events
2025-02-14 23:21:06,016 - INFO - PSI/PORT Score: Pneumonia Severity Index for CAP
2025-02-14 23:21:06,016 - INFO - Revised Cardiac Risk Index for Pre-Operative Risk
2025-02-14 23:21:06,016 - INFO - Corrected QT Interval (QTc)
2025-02-14 23:21:06,016 - INFO - Framingham Risk Score for Hard Coronary Heart Disease
2025-02-14 23:21:06,016 - INFO - APACHE II Score
2025-02-14 23:21:06,016 - INFO - MDRD GFR Equation
2025-02-14 23:21:06,016 - INFO - Fibrosis-4 (FIB-4) Index for Liver Fibrosis
2025-02-14 23:21:17,976 - INFO - ```json
{
    "chosen_tool_name": "Mean Arterial Pressure (MAP)"
}
```

Step By Step Analysis:

1. **User Demand**: The user is asking which tool can be used to assess the mean arterial pressure (MAP) of a patient.
2. **Task Scenario**: The patient's case involves multiple conditions affecting the cardiovascular and respiratory systems, including pulmonary heart disease, heart failure, COPD, type II respiratory failure, and hypertension. The patient's symptoms and test results indicate significant impacts on heart and lung function, leading to difficulty breathing, edema, and impaired circulation.
3. **Tool Selection**: Given the user's demand and the task scenario, the most suitable tool from the provided list is the "Mean Arterial Pressure (MAP)" calculator. This tool is specifically designed to calculate the MAP, which is a crucial health metric used to assess tissue perfusion and blood flow. It is particularly important in medical scenarios such as sepsis, trauma, stroke, intracranial bleeding, and hypertensive emergencies, which are relevant to the patient's conditions.
4. **Final Answer**: The chosen tool is the "Mean Arterial Pressure (MAP)" calculator, which will help assess the patient's blood flow and tissue perfusion, providing valuable information for managing their complex cardiovascular and respiratory conditions.
2025-02-14 23:21:17,977 - INFO - mean arterial pressure (map)
2025-02-14 23:21:17,977 - INFO - 38
2025-02-14 23:21:17,980 - INFO - ====================Now in Extract====================
2025-02-14 23:21:25,389 - INFO - Step By Step Analysis:

1. **systolic_bp**: The Reference Text provides the systolic blood pressure (SBP) as 145 mmHg. Therefore, the value for the parameter `systolic_bp` is 145, and the unit is "mmHg".

2. **diastolic_bp**: The Reference Text provides the diastolic blood pressure (DBP) as 85 mmHg. Therefore, the value for the parameter `diastolic_bp` is 85, and the unit is "mmHg".

Parameters List:
```json
{
    "systolic_bp": {"Value": 145, "Unit": "mmHg"},
    "diastolic_bp": {"Value": 85, "Unit": "mmHg"}
}
```
2025-02-14 23:21:25,390 - INFO - ====================Now in Reflect====================
2025-02-14 23:21:43,432 - INFO - Function Docstring:
{{Calculate the Mean Arterial Pressure (MAP) from the systolic (SBP) and diastolic blood pressure (DBP).
    
    MAP is a crucial health metric used to assess tissue perfusion and blood flow. It is particularly important in
    medical scenarios such as sepsis, trauma, stroke, intracranial bleeding, and hypertensive emergencies.
    The formula used for calculating MAP is: MAP = 1/3 * SBP + 2/3 * DBP.
    
    Parameters:
        systolic_bp (float): Systolic blood pressure in mmHg.
        diastolic_bp (float): Diastolic blood pressure in mmHg.
    
    Returns:
        float: The calculated mean arterial pressure in mmHg.
    
    Example:
        >>> calculate_mean_arterial_pressure(120, 80)
        93.33333333333333}}

Parameter List：{{{
    "systolic_bp": {"Value": 145, "Unit": "mmHg"},
    "diastolic_bp": {"Value": 85, "Unit": "mmHg"}
}}}

Step By Step Analysis:
1. systolic_bp:
   - Function Docstring: Systolic blood pressure in mmHg.
   - Parameter List: Value = 145, Unit = mmHg.
   - Comparison: The unit of systolic_bp in the Parameter List is consistent with the unit required in the Function Docstring.

2. diastolic_bp:
   - Function Docstring: Diastolic blood pressure in mmHg.
   - Parameter List: Value = 85, Unit = mmHg.
   - Comparison: The unit of diastolic_bp in the Parameter List is consistent with the unit required in the Function Docstring.

Final Answer:
```json
{
    "chosen_decision_name": "calculate",
    "supplementary_information": "All parameters comply with the Function Docstring requirements. No unit conversion is needed as the parameters use indices to specify units."
}
```
2025-02-14 23:21:43,432 - INFO - ====================Now in Calculate====================
2025-02-14 23:21:43,433 - INFO - calculate_mean_arterial_pressure
2025-02-14 23:21:43,433 - INFO - 105.0
